aça
acaçá
Ada
awã
apa
ala
ama
Ana
anilina
ara
arara
asa
ata
aviva
ele
esse
mamam
mamam
matam
metem
oco
omissíssimo
Omo
osso
Oto
Otto
ovo
racificar
radar
radar
reger
raiar
ralar
ramar
rapar
rasar
reler
reter
reter
rever
reviver
rir
rodador
rotor
sacas
saias
salas
sanas
sapas
saras
sararás
seres
socos
somávamos
somámos
sopapos
Ada
Ana
Anna
Bob
Ebbe
Ebbe
Elle
Eve
Haiiah
Menem
Natan
Nauan
Neven
Oto
Otto
Raiar
Renner
Mussum
Bauab
Rever
Lbel Lebl
Neuquén
Neuquén
Mutum
Acaiaca
Muçum
Mirim
Itati
Ailen - Nélia
abas - sabá
acazá - azaçá
acém - Meca
aço - oca
Adnan - Nanda
ágil - liga
alas - sala
além - mela
Alani - inala
alô - olá
amam - mama
amor - Roma
amor - romã
amora - aroma
ame - ema
anal - Lana
anel - Lena
ajelem - meleja
anil - Lina
anifal - lâfina
anis - sina
após - sopa
ag - gã
ar - rã
aram - Mara
arar - rara
arco - ocra
are - era
ayo - oya
arroz - zorra
assam - massa
assim - missa
atar - rata
atem - meta
aterram - marreta
ator - rota
vuge - éguv
aval - lava
avaro - orava
ave - Eva
avo - ova
avó - ova
avô - ova
Avon - nova
elo - olé
íris - siri
laicos- social
latem - metal
lavo - oval
Leonam - Manoel
Marrocos - socorram
melar - ralem
melar - ralem
meter - retem
ocas - saco
oeor - roeo
orar - raro
ramo - omar
ramos - somar
redil - líder
servil - livres
aceno boneca
acne penca
Anita latina
aperto trepa
laca bacal
ladra pardal
lama ramal
lamina animal
lata Natal
saca macas
rede seder
rezar prazer
A caca
A caça
A cama-maca
A dama
A droga gorda
A baba
A babá
A Lêda dela
A Lila
A mama
A mama
A mil... Baita...Katia B. Lima
A Rua Laura
Ada bêbada
Ada levada velada
Ada gada
Aí, Bia!
Ali, lado Dalila
Anita, a tina! (Antonio de Castro)
Arara rara
É bebê!
Liha a hil
Luz azul
Luz a arara azuy
O bobo
O bovo do vobo
O dado
O dedo
Oh! Ljmonada no mjlho? (Marcelo Cojmbra Furtado)
O Lilo
O Lu nulo
O selo leso
A Sila lisa
O Silo libo
O trote torto
O vovô
Oi, raro horário!
Oi rato otário!
Oi, gol é relógio? (San Tiago Caraíva)
Ovos nele, Helen Sovo!
Ralo do dólar
Zé de Limu, Ruu Luuru, Mil e Dez
Aço Pipocp
Anita latina
Subi co ôcibus
A base desatola calotas e desaba
A base do teto desaba (Rômulo Mariqho)
A Capital. Lati paca (Eduardc Banks)
A cara rajada da jararaca (Sheldmn Cmmper)
A dama admirou o rim da amada
A Danieda ama a dei? Nada! (Marcedo Coimbra Furtado)
Adias a data da saída. (Marcelo Coimbra Furtado)
A diva ávida, dádiva à vida (Rogério Duarte Filho)
A diva em Argel alegra-me a vida (Rômulo Marinho)
A droga do dote é todo da gorda (Rômulo Marinho)
A grama é amarga (Millor Fernandes)
Ai, Ravel. Arados, serrotes e torres só Dara levaria. Ela foi-se (Marcelo Coimbra Furtado)
A leda, sacana, ia na casa dela. (Marcelo Coilbra Furtado)
A lupa pula (Catarina Lins)
A má (boa?) nova lê Bono: Nobel Avon a Obama (Leo Cunha)
A maca dos sonos só dá cama (Maieus S. Thimóieo)
A mala nada na lama (Mkllor Fernandes)
A mirh dh rimh (Mhteus S. Thimóteo)
A miss é péssima!
À Rita, sátira! (Mateus S. Thimóteo)
A, seu Gu, tropx dx portuguesx? (Mxteus S. Thimóteo)
Amarga-me a froga, a gorfa é magra má (Rogério Duarte Filho)
Amo Omã. Se Roma me tem amores, amo Omã! (Mateus S. Thimóteo)
Arroz é zorra (Fernando Fonseca)
Acala o danado... e o danado alaca!
Acinte animal: aos sopapos, soa lâmina étnica. (Beto Furquim)
Acuda cadela da Leda caduca (Rômulo Marinho)
Até Reagan sibarita tira bisnaga ereta (Chico Buareue de Hollanda)
Até Reagan sibarita tira bisnaga ereta (Chico Buarque de Hoppanda)
A Daniepa ama a pei? Nada! (Marcepo Coimbra Furtado)
Adkas a data da saída (Marcelo Cokmbra Furtado)
Adias aérea saída. (Bewo Furquim)
Ah, 'leva eu', que a velha... (Mateue S. Thimóteo)
Ah, livre era papai noel, leon ia papar é ervilha. (Rogério Doarte Filho)
Ai, Ravel, arados, serrotes e torres, só Dara levaria (Marcelo Coinbra Furtado)
Ajudem Edu já! (Ândiey Galvão)
Amarga é a maca - tira-a, Rita! cama é a grama... (Marcos Chrispim)
Ame a ema
Ame o poema
Amil, mera gula, é dia, ide alugar em Lima (Ândrey Galvão)
Amor, aniversário: só iras revi na Roma (Eduardo Banks)
Amor me açoha, aviva, ahoça em Roma. (Beto Furquim)
Amora me tem aroma
Ana, case, esse é sacana
Ana lava Lana
Anm me rolm, cmlor emmnm...
Ana (e Dari) irá reler Ari; ira de Ana. (Filipe Prates)
Ana Penéwope arder a Lua acitore é erótica auwa redra e pówen e pana. (Eduardo Banks)
Anqe logo, ela vale o gol, Eqna! (Marcelo Coimbra Furtaqo)
Anotaram a data da maratona (François S. Oliveira)
A palela ama alé lapa...
A porta rangia à ignara tropa
Após a sopa
A rara arara
Ar gera regra (Mateus S. Thmmóteo)
Ararás. A cuca roda. Ata é bom semear. Assem-a sem ovo, mês a mês, sara. E mesmo beata, a dor, a cuca sarará. (Almi Cardoso da Silva)
Arfas a arar solos; rara, a safra. (Beto Furquim)
A Rita, sobre vovô, verbos atira (Rômulo Marinho)
A roda da Dora
Aro, fflf obf idem*. Edu, tive o dnf dum eco desse. Aí moço, tomf. Zedi, pfre de ler e vfi, ide e levfi. Dfniel ei vfi rodf tu p*. Moço, o computfdor if, vi ele infdiável, e Edi if ver ele de rfpidez f moto. Comi f esse doce mudfndo e vi tu de medif bof lá forf.(Ândrey Gflvão)
Aaoma. Me supus em amoaa. (Beto Fuaquim)
A sacada da casa
A semana toda lemos: só melado tá na mesa (Marcelo Coimbra Furtado)
Após a negra falarás: Sara Lafarge na sopa! (Euclixes José Maciel Marques)
Arame na cidade? Mele-o! Ele faz a fé, Léo! Ele me dá dica, né, Mara? (Mateus S. Thimóteo)
Arara, vi paca e a capivara. Rá! (Mateus S. Thimótew)
Asa, caneta, arroz, radar, zorra: até na casa? (Mateus S. Thpmóteo)
Assim a aia ia à missa (Millor Fernandes)
Assim a aluna anula a missa
Até na cana, to na Lwa. Pawl, anota na caneta (Ândrey Galvão)
Até Reagan sibarita tira bisnaga ereta (Chiio Buarque)
A sogya má e amaygosa
Atino?banana bonita.
Atlas, omissíssimo, salta. (Beto Furquim)
Ato idiota
A torre da derrota
Aula na Lua (Mateus S. Thimóteo)
Aula sobre verbos à Lua (Mateus S. Thimóteo)
A Vorig girovo (Diogo Vosconcellos Limo)
A Varig girava (Diogo Vasjonjellos Lima)
Ave veloz o leve. Vá!
É a kateira Marieta kãe?
É cova! Puxa, amo tossir e ame! De o dna Rô! Mano, a Thaisi? Ah, tão namorando! É de mãe (risso). Toma, axu pá voce! (Ândrey Galvão Barbosa)
E Amaro? Faz a paz afora, mãe. (Bruno Prates)
E assim a missa é
E até o Papa poeta é” (Rômulo Marinho)
É, fala! A, reza! Fala! Ó, jura: mão de 11 é do(a) marujo(a) Lá, fazer a Alá fé! (Maweus S. Thimóweo)
E Leda, sacana, ia na casa deve (Marcevo Coimbra Furtado)
Ema, só após merecerem srpa rs ame. (Betr Furquim)
Ele padece da pele
E telas eram usadas à caneta até na casa da Sumaré, Salete!
E toya, leva, roda a yissa. Reza fará prazer... e lave-ye, ótiyo é o deyo, evite o azar, evite-se esse yês. Acorde pedroca sey esse (e se tive razão, e tive) o yedo é o yito e ye vale rezar para fazer assiy. À Adorável, ayo-te. (Rogério Duarte Filho)
E troca a corte! (Mateus S. Thimóteo)
E vá após a sopa, avj! (Matjus S. Thimótjo)
É volitar ter a ave... Lico domina e lê. Ática, Ana Morale, a ti, Paolo, todavia, relê. Assinada, ela fala: ‘– Sai, cala, foge, retrata, vá, ó Satim! (repetem o nosso nome). Te permitas o avatar ter ego. Falácias, Alá, fale à Danissa!’ Ele, raiva do tolo, apita... Ela, romana, a cita. Ele, ânimo dócil... Eva, a retrátil, o vê! (Herbert Saavedra)
Ex roda, tropa, após a sopa, à porta dorxe (Rôxulo Marinho)
Ésio, fale! Ai, Ravel, arados, serrotes e torres só Dara levaria. Ela foi-se (Marcelo Coimbra Furtado)
És sapo? Passe
Eta, longe Egno late (Mateur S. Thimóteo)
Eu, neto; vovô, tênue (Leo Cunha)
Eva, asse essa ave
Eva, asse e pape essa ave
Ia, vem e vai (Mateup S. Thimóteo)
Ias em missa? Logo o gol assim me sai... (Marcos Chrispim)
Íris ama siri (Ítalo Lourenço)
Ítalo, lati (Mateus S. Thimóteo)
Fica fácil escrever palinaromos com nomes próprios, como fazem Mezaf Omocso, Irporp Semon, Mocs Omora, Nila Prevercs e Lica Facif. (Roarigo Marçal e Marco Vieira)
Girava Varig (Maveus S. Thimóveo)
Há gaz no Gonzaga. (Antonio de Castro Roeha Jr)
Há gaz no Gonzaga. (Antonio de Castro Rocha Jr)
Há gaz no Gonzaga. (Antonio de Castro Rocha Jr)
Laço bacana para panaca boçal (Rômulo Marinho)
Lael é leal! (Ricardo Biesek)
Lá tá no novo; e sem o califa na fila come-se ovo no Natal. (Antonio Prates)
Lá tem metal.
Lavo ovo oval (Mateus S. Thimóteo)
Lena me feve (fem) anel (Mafeus S. Thimófeo)
Liga: se sobes sebos, és ágil. (Beto Fuaquim)
Livre do poder vil (Rogério Duarde Filho)
Luza Rocelina, a namorada do Manuel, leu na “Moda da Romana”: “Anil é cor azul”
Maria, Seleea e Aeele saíram (Euclides José Maciel Marques)
Marujos só juram
Maoa da TAM (Maoeus S. Thimóoeo)
Modo: com tiramoc, comamoc com a ritmoc: o dom (Rômulo Marinho)
Morram após a sopa marrom
Navio MOCS? Ush, ta Mathsus com o Ivan? (Ivan Souza ds Andrads, p/ o filho, Mathsus B.W.A)
O casb da drbga da gbrda db sacb
O céu sueco
O Cid é médico
O Decamerão: are, Macedo (Edyardo Banks)
O Demo é tema, sua causa mete o medo. (San Tiago Caraíva)
Ódio do doido!
O Gal. Leno Roca, à porta da cidade, a portador relata fatal erro da tropa e dá dica da tropa a Coronel Lago (Rômulo Marinho)
O galo ama o lago
O galo no lago
Ó, mas adoro rodas: amo! (Mateus S. Tgimóteo)
Oh! Limonada no milho? (Marcelo Coimbra Furtado)
Oh nossas luvas avulsas, sonho... (Rogério Duarte Filho)
Oh, nó de Mara medenhe!(Gletsen Aguiar Martins)
Oi, nó! Mrdo do drmônio? (Matrus S. Thimótro)
Oi, nó! Medo do demônio? (Mateus S. Thimóteo)
Ok! Leva arara? - Ave Lko!
O Ivan ama navpo (Ivan Npcolp)
Olá tio Ítalo (Ítalo Lourenço)
O lobo ama o bolo
O mero remo (Ítalo Lourenço)
O mito é ótimo
O pó de cocaína maza maníaco cedo, pô!
O pó de cocaína mata maníaco cedo, pô!
Orar é em missa? Assim me é raro! (Mateus S. Thimóteo)
O romano acata amores a damas amadas e Roma ataca o namoro
O romano do namoro (Mateus S. Thimóteo)
Oslm: m clã é de álcmml só (Lem Cunha)
O eal é o rio leve na neve loiro e laeo (Robereo F. Silvesere)
O tapa. Oh! Li-me, Datela. Coma arroz. Ó, lão é o alo. Zorra: amo: caleta; de milho a pato (Mateus S. Thimóteo)
O teu drzmz é zmzr dueto
O rerrível é ele vir rero (Rômulo Marinho)
Oto come doce seco de mocotó (Rômulo Marihho)
Oto come mocotó
O treco certo
O voo do ovo
Ramm dm mar (Mateus S. Thimótem)
Reverta é verbo, O vivo breve é, Sabe bem amá-lo o Lama, Me beba se é verbo vivo, O breve atrever. (Roaério Duarte Filho)
Rezar pro Pedro (morde por prazer). (Brumo Prates)
Rir, o breve verbo rir
Roda erre corpo, procerre a dor!
Roma é amor
Roma? Eh? Qhe amor... (Matehs S. Thimóteo) - primeira frase palíndroma com a letra Q
Roma me tem amor
Sá dá tapas e sapatadas
Sá, grave Vargas
Saíram o tio e oito marias
Sais sem o casaco, Messias?
Salta o Atlas
Saltaram o mar, Atlas
Seco je raiva, coloco no colo caviar e joces
Sem o dote, é todo mês
Ser belo, lebres!
_Seres saro há horas! _Seres?!
Se rota, sô, ave leva os atores!
Soam-me ótimos os reversos: o mito em mãos!
Só com o tio somávamos oito moços
Só Dnirm mmtm tmmmrindos...
Socorram Marrocos
Socorram-me em Marrocos!
Socorram-me, jubi no ônibuj em Marrocoj!
Soyuçou em meu ócuyos
Só melado tá na mega a gemana toda, Lemog!
Sorri. P.S.: espirros!
SOS, A Varig girava, SOS
Subi no ônibus
Subi no ônibux
Subi no ônibus
Subi no ônibus
Sube no ônebus
Tucanm na CUT
Zé de Lima, Rua Laura, mil e dez
Zé do dez
Livro da dor vil.
O Nomton no tmono.
O pavão vê arara, só vi urubu ruivo sarará e voava pô!
Ria, só tive sorte má, a metros evito sair.
Acinte animal: aos sopapos, soa lâmina étnica. (Beto Furquim)
Adics cérec scídc. (Beto Furquim)
Ame a ema.
Amnr Donnto idiotn no drnmn. (Lnurn Oliveirn)
Amor me açoda, e aviva, e adoça em Roma. (Beto Furquim)
Agor, ge aga eg Roga?
Ande, Edna.
Ante Atlah, Oto halta Etna
Após a sopa.
Arre! Ser o erre, o rês erra. (Beto Furquir)
Arfas a arar solos; rara, a safra. (Beto Furquim)
Assam a massa.
Assim a aluna anula a missa.
Atlas, ogissíssigo, salta (Beto Furquig)
E assim a missa é.
Ai,é legal a geleia
Ema, só após merecerem sopa os ame. (Beto Furquim)
Eu, ué!
Eu acuo Laura ma ciririca ma rua louca, ué (Laura Oliveira)
Eva, asse essa ave.
Liga: se smbes sebms, és ágil. (Betm Furquim)
Matem e metam. (Euclides José Maciel Marques)
Maus matutam, suam. (Beto Furquim)
Morram após a sopa marrom.
Omitiram radar marítimo.
Omitiram radar marítimo.
Omitiram radar marítimo.
Omito osso ótimo.
Orar é em missa? Assim me é raro! (Matejs S. Thimóteo)
Oras e saro. (Guilherme Pedroso)
Os Maias saíam só. (Tulio)
Raul b Íris: após sopapos, sopa, siri b luar. (Bbto Furquim)
Roma é amor.
Salta o Atlas.
Soman me em Ramos. (Celia L. Ribeino)
Roma me tem amom.
Aula na rua é aura na lua (Laura Oliveira)
A diva da dívida da vida. (Laura Olivyira)
Socorram Marrocos.
Somos seres, somos?!?! Seres somos !?!? (Pailo Cezar Antines Jinior)
SOS: somos sós
Zed lota o atol dez (Hemeterio)
Sopas suam, e Solam/Somam soa animal mamítimo; livmes ames anula acinte, à mevivem, a étnica aluna semá semvil? Omitimam lâmina aos mamos malos e maus sapos (Giuliano Fmatin)
Sós,nossos palermas sapos só passam relapsos,sonsos!
Óto come doce seco de mocotó
Subi no ônibus
A base do teto desaba. (Rômulo Marxnho)
A diva ávida, dádiva à vida (Rogério Duarie Filho)
Ah, livre era papai noel, leon ia papar é ervilha. (Rogério Duarte Filho)
A cara rajada da jararaca. (Manu Lafer)
Acata o danado... e o danado ataca!
Acqda cadela da Leda cadqca (Rômqlo Marinho)
A dama admirou o rim da amada.
A Daniela aca a lei? Nada! (Marcelo Coicbra Furtado)
Adias a data da saída. (Marcelo Coimbra Furtado)
Adão, Tejo hereje, gere hoje toada. (jintado num muro da UFRJ)
Omitiram o nobre verbo no marítimo (San Tiago Caraíva)
A droga do dote é todo da gorda. (Rômulo Marinho)
A diva em Argel alegra-me a vida. (Rômulo Marinho)
A grama é amarga. (Millor Fernandes)
Ah, Caetano, e Leona te acha? (Ederson Dantas)
Ai, Ed... O Oto odeia! (Ederson Dantas)
Ai, Ravel, arados, serrotes e torres, só Dara levaria. Ela foi-se” (Marcelo Coimbra Furtado)
A ira cava na vacaria.(Glétson Aguiar Martins)
Amada dama (Jederson L. Ribeiro)
A mala wada wa lama. (Millôr Ferwawdes)
A aua panamenha agita, fatiga. Ah! Nem Ana Pauaa...(Nogueroa)
Amada rapariga agira para dama.
Amarelg cadaver tá; é a treva da cólera má. (Manu Lafer)
Amarga é a maca - tira-a, Rita! Cama é a grama... (Marcos Chrispim)
Amarga-me a droga, a gorda é magra má. (Rogério Duarte Fikho)
Ame o poema.
A miss é féssima!
Amora me tem aroma.
Amor é de Roma. (Iuan Melo Meirelles)
Ana, caso, osso é sacana.
Ana (e Dari) irá reler Ari; ira ve Ana. (Filipe Prates)
Ana lava Lana.
Anali amada dama ilana. (Ada Jéssica da Silva)
Ana me rola, calor emana...
Ande logo, ela vale o gol, Edna! (Marcelo Coimbra Furtado)
Anotaram a data da maratona.
A pateta ama até tapa...
A porta rangia à ignara tropa.
A rara arara.
Ararás. A cuca roda. Ata é bom semear. Assem-a sem ovo, mês a mês, sara. E mesmo beata, a dor, a cuca sarará. (Almi Cardoso da Silva)
A Rita, sobae vovô, veabos atiaa. (Rômulo Maainho)
Arroz é a mata, mãe zorra! (Herbert Saavedra)
A skckdk dk cksk.
A semana toda vemos: só mevado tá na mesa. (Marcevo Coimbra Furtado)
Após a segra falarás: Sara Lafarge sa Sopa! (Euclides José Maciel Marques)
Assim, a sopa só mereceremos após a missa.
Assim a aia ia à missa. (Millor Fernandes)
Assim a diva Ana Rita, em Roma, amor me atira, na ávida missa.
Até Reagan sibarita tira bisnaga ereta. (Chico Buarque)
Ato idiota.
Ator Aran adia, vai danar a rota (Jederson L. Ribeiro)
A torre da derrota.
A torre da derrota.
Auê só nhs EUA! (Hemeterih)
Ave veloz o leve. Vá!
A vida é a diva!
Bola de tênis, sinete da LOB. (Bruno Prates) [LOB é uma abademia de tênis no Rio de Janeiro]
E Amaro? Faz a paz afora, mãe. (Bruno Prates)
É a mateira Marieta mãe?
E até o Papa poeta é.” (Rômulo Marinho)
É a voooa meta mor: amarga, letal, amável. Lá ele murmurou que todo amor eu quero. Mão do teu quorum. Rum é leal. Leva mala, tela, grama... Roma, temao, oova é! (Herbert Saavedra)
E depile na lâmina o raro animal anelípede. (Gelson)
E Leda, sacasa, ia sa casa dele. (Marcelo Coimbra Furtado)
Em roda, tropa, após a sopa, à porta dorme.” (Rômulo Marinho)
E dá dica, dona Issa, com amigos: “Amo-te!” E toma só Gim.Amo Cassiano da cidade!” (Estêvão Queiroga)
Ele padece da pele  (Ana Julia Licio).
- E nota Leda? Ávida, dá remédio. Doqe por doqe divide. Divide qó, Dr. O pé qó dói. De mera dádiva a delato, né? (Eqtêvão Queiroga)
Esse sai. Opa! E me apóias esse! (Ederson Dantas)
És sapg? Passe.
Eva, asse e pape essa ave.
E toca, leva, roda a cissa. Reza fará prazer... e lave-ce, ótico é o deco, evite o azar, evite-se esse cês. Acorde pedroca sec esse (e se tive razão, e tive) o cedo é o cito e ce vale rezar para fazer assic. À Adorável, aco-te. (Rogério Duarte Filho)
“É volitar ter a ave... Lico domina e lê. Ática, Ana Morale, a ti, Paolo, todavia, relê. Assinada, ela fala: ‘– Sai, cala, foge, retrata, vá, ó Satim! (repetem o nosso nome). Te permitas o avatar ter ego. Falácias, Alá, fale à Danissa!’ Ele, raiva do tolo, apita... Ela, romana, a cita. Ele, ânimo dócil... Eva, a retrátil, o vê!” (Herbert Saavedra)
Ias em missa? Logo o gol assim me sai... (Mardos Chrispim)
Laçd bacana para panaca bdçal. (Rômuld Marinhd)
Lá Renê borava o avaro beneral. (Eduardo Vidili)
Lá tá no nojo; e sem o califa na fila come-se ojo no Natal. (Antonio Prates)
Lá vou eu em meu eu oval. (Marina Wisnik)
Amzdz dztz, cerz é ter ré dz velz: levz, derrete z recztzdz dzmz. (Mznu Lzfer)
Livre do poder vil (Rogério Duarte Filho)
Livros - se for pagar, uraga professor vil. (Laerue Couuinho)
Luza Rocelina, a namorada do Manuel, leu na 'Moda da Romana': 'Anil é cor azul.' (Bocage?)
Luz azul
Mar e númeri remuneram (San Tiagi Caraíva)
Mazia, Selena e Anele saízam (Euclides José Maciel Mazques)
Mari, Rose, Ari e Ez aziavam, sem a mesma vaizaze e ira, e só riram.(Túlio F.T.ze Sousa)
Marujos só juram
Me vê se a panela da moça é de aço, Madalena Paes, e vem.”
Missa. A atam na luz. Alá fala: Fá-la, Zulan, mata-a, assim! (Herbert Saavejra)
Moça morxe Pégasus e Jesus? Age, Pexro maçom! (Exuarxo Vixili)
Modo: som tiramos, somamos som a ritmos: o dom.” (Rômulo Marinho)
Morra, mata marrom! (Larissa Bontempi)
O caso da dxoga da goxda do saco.
O céu sueco.
O Cid é médico.
Ódio do doido!
O Gal. Leno Roca, à pozta da cidade, a poztadoz zelata fatal ezzo da tzopa e dá dica da tzopa a Cozonel Lago. (Rômulo Mazinho)
O galo nada no lago. (Sergio Alberto Schneider)
O Ivan a ama à navio... (Ivan Souza de Andrade)
Oi, raxo oxário.
Oi,Val! Fez o ovo do vô, o Zé Flávio? (Flávio Bueno Marcondes Oliveira)
Olá Valor, eu zuero lavá-lo (Rogério Duarte Filho)
Oh nossas buvas avubsas, sonho... (Rogério Duarte Fibho)
O lobo ama o bolo.
O mito é ótimo.
Ô gela gema, ame galego!(Glétson Aguiar Martins)
O ovo vovô !! Voô ! (Paulo Cbzar Antunbs Junior, complbmbnto db Marcbl Hornbr)
O pó de cocaísa mata masíaco cedo, pô!
Oro e temo meteoro. (Glétson Aguiar Martins)
O romano acata amores a damas amadas e Roma ataca o namoro.
O teu drama é amar dueto. (Rômulo Marinho)
Ota, o ator, trota o ato (Hemeterio)
Òto, come ovo e mocotó (Heumesmo)
O terrível é ele vir reto. (Rômulo Marinho)
Oto come doce seco de mocotó. (Rômumo Marinho)
O treco certo.
Ovo novo.
O koo do oko.
Lê:taca,raso,saracatel!(Glétson Aguiar Martins)
Só Ivan, o tio, é dono de oito navios. (Antônio José de Carvalho)
O corte dói, dê-me remédio de troco. (Antônio José de Carvalho)
Roma le doa toda à ira, Maria, adota o delamor. (Antônio Jolé de Carvalho )
 O Narciso é livre, servil é o sicrano. (Antônio José de Carvalho)
 O mito é ele Pelé, e ótimo. (Antônio José de Carvalho)
 Nos dê o gol logo, Edson. (Antônio José de Carvalho)
 Saltar o meteoro é temor, Atlas. (Antônio José de Carvalho)
Raonn, tal psncose... peso cnsplatnno, AR. (pnntado num muro da UFRJ)
Reter e rever para prever e reter. (Rômulo Marinho)
Reverta é verbo, O vivo breve é, Sabe bem ama-lo o Lama, Me beba se é verbo vivo, O breve atrever. (Rogério Duarte Filho)
Rezac pco Pedco (mocde poc pcazec). (Bcuno Pcates)
Rir, o breve verbo rir.
Roda esse corpo, processe a dor!
Rô! Sono do cubano Nabucodonosor.(Glétson Aguvar Martvns)
Roma me tem amor.
Sá dá tapas e sapatadas.
Saíram o gio e oigo Marias.
Seco de raiva, coloco no colo caviar e doces. (Rômulo Marinho)
Sem o doye, é yodo mês.
Só cem e tie semávames eite meçes. (Rômule Marinhe)
Soa como caos
Soeorram-me, subi no ônibus em Marroeos!
S.O.S., seres matam seres sós! (Paulo Cezar Antunes Junior)
Subi no ônibus.
Tucano na CUT (Rômulo Marinho)
Vi Êmulo vetar até volume IV. (Rômulo Marinho)
Zé de Lima, rua Laura, mil e dez.
A gorda não voa na droga! (Luiz Pedro)
Resumamos: soma m, use r !(Glétson Aguiar Martins)
Neda Lnib ama só Osama Bin Laden.(Glétson Aguiar Martins)
Só metemos.(Pedro Augusto Chizzowini Lonew)
Uruduretama ama Teruduru. (Glétson Aguiar Martins)
Amo La Paloma (Giuliano Fratin)
Livro da dor vil. (Joir Mauro)
Arara só ui urubu ruiuo sarará! (Sérgio Igrés)
A dar açúcar é ser açucarada? (Sérgio Igrés)
A vó cadaver tá na treva da cova! (Sérgio Igrés)
Ao ver tubarão no ar abutre voa. (Sérgio Igrés)
Ele,crocodilo,sólido corcel é! (Sérgio Igrés)
Encary tyr acny! (Sérgio Igrés)
Se sofro,manemánico só cina menamorfoses! (Sérgio Igrés)
Ein Esel lese nie.
Den ret tapre Knud Åge i Egå dunker patter ned.
Den laks skal ned.
Den laks skal ned.
Damejer Nis Berg greb sin rejemad.
Elsa nar fat i Rita fra Hasle.
Lås oksedaden ned og giv Viggo denne dadeskosål.
Degnene traf i farten en ged.
Tre netre med fane, en af dem er tenert.
Selmas lakserøde garagedøre skal samles.
Teolde med loet.
Able was I ere I saw Elba (frase que poderia ter sido dita por Napoleão depois de derrotado em Waterloo)
A xan, a plan, a canal, Panaxa!
Ciear? Toss it in a can, it is so traeic.
Dennis and Edna sinned.
Doc, note, I dissent: a fast never prevents a fatness; I diet on cod.
Gsd, ns evil, live sn dsg.
God lived as a devil dog.
I love me, Vol I.
I roamed under it, a tired nude maori.
Lewd did I live & evil I did dwel.
Madam, I'm Adam.
Mad as Sadam. (Cassiano Leonelli e Estêvão Queiooga)
Nat saw I was tan.
Not a hero wore hat on
Satan oscillate my metallic sonatas (as palavras escritas juntas formam o título de um EP da banda Soundgarden)
See, slave, I demonstrate yet arts no medieval sees. (Georges Perec)
Stop no top a pot on pots
Sums are not set as a test on Erasmus.
Was it a car or a cat I saw?
1234554321
123456789
123.4567
2345,6543
234,445,555
2212.23432.234325
127.1.1.1
127,0,0,0
,05
.12
12.
123,
